# JRE version: OpenJDK Runtime Environment (11.0.8+10) (build 11.0.8+10-b944.6842174)
# Java VM: OpenJDK 64-Bit Server VM (11.0.8+10-b944.6842174, mixed mode, tiered, compressed oops, g1 gc, windows-amd64)
Heap:
 garbage-first heap   total 329728K, used 151552K [0x0000000080000000, 0x0000000100000000)
  region size 1024K, 2 young (2048K), 2 survivors (2048K)
 Metaspace       used 91210K, capacity 93346K, committed 93440K, reserved 1130496K
  class space    used 11879K, capacity 12706K, committed 12800K, reserved 1048576K
GC Heap History (20 events):
Event: 73.698 GC heap after
{Heap after GC invocations=60 (full 0):
 garbage-first heap   total 118784K, used 86216K [0x0000000080000000, 0x0000000100000000)
  region size 1024K, 2 young (2048K), 2 survivors (2048K)
 Metaspace       used 87165K, capacity 89160K, committed 89344K, reserved 1126400K
  class space    used 11245K, capacity 12008K, committed 12032K, reserved 1048576K
}
Event: 73.951 GC heap before
{Heap before GC invocations=61 (full 0):
 garbage-first heap   total 118784K, used 107720K [0x0000000080000000, 0x0000000100000000)
  region size 1024K, 10 young (10240K), 2 survivors (2048K)
 Metaspace       used 87505K, capacity 89551K, committed 89728K, reserved 1126400K
  class space    used 11295K, capacity 12074K, committed 12160K, reserved 1048576K
}
Event: 73.956 GC heap after
{Heap after GC invocations=62 (full 0):
 garbage-first heap   total 118784K, used 97009K [0x0000000080000000, 0x0000000100000000)
  region size 1024K, 2 young (2048K), 2 survivors (2048K)
 Metaspace       used 87505K, capacity 89551K, committed 89728K, reserved 1126400K
  class space    used 11295K, capacity 12074K, committed 12160K, reserved 1048576K
}
Event: 73.984 GC heap before
{Heap before GC invocations=62 (full 0):
 garbage-first heap   total 118784K, used 100081K [0x0000000080000000, 0x0000000100000000)
  region size 1024K, 6 young (6144K), 2 survivors (2048K)
 Metaspace       used 87505K, capacity 89551K, committed 89728K, reserved 1126400K
  class space    used 11295K, capacity 12074K, committed 12160K, reserved 1048576K
}
Event: 73.989 GC heap after
{Heap after GC invocations=63 (full 0):
 garbage-first heap   total 143360K, used 98554K [0x0000000080000000, 0x0000000100000000)
  region size 1024K, 1 young (1024K), 1 survivors (1024K)
 Metaspace       used 87505K, capacity 89551K, committed 89728K, reserved 1126400K
  class space    used 11295K, capacity 12074K, committed 12160K, reserved 1048576K
}
Event: 74.738 GC heap before
{Heap before GC invocations=64 (full 0):
 garbage-first heap   total 143360K, used 110842K [0x0000000080000000, 0x0000000100000000)
  region size 1024K, 13 young (13312K), 1 survivors (1024K)
 Metaspace       used 87592K, capacity 89630K, committed 89728K, reserved 1126400K
  class space    used 11304K, capacity 12079K, committed 12160K, reserved 1048576K
}
Event: 74.752 GC heap after
{Heap after GC invocations=65 (full 0):
 garbage-first heap   total 143360K, used 103962K [0x0000000080000000, 0x0000000100000000)
  region size 1024K, 2 young (2048K), 2 survivors (2048K)
 Metaspace       used 87592K, capacity 89630K, committed 89728K, reserved 1126400K
  class space    used 11304K, capacity 12079K, committed 12160K, reserved 1048576K
}
Event: 75.260 GC heap before
{Heap before GC invocations=65 (full 0):
 garbage-first heap   total 143360K, used 113178K [0x0000000080000000, 0x0000000100000000)
  region size 1024K, 12 young (12288K), 2 survivors (2048K)
 Metaspace       used 87593K, capacity 89630K, committed 89728K, reserved 1126400K
  class space    used 11304K, capacity 12079K, committed 12160K, reserved 1048576K
}
Event: 75.272 GC heap after
{Heap after GC invocations=66 (full 0):
 garbage-first heap   total 143360K, used 108394K [0x0000000080000000, 0x0000000100000000)
  region size 1024K, 2 young (2048K), 2 survivors (2048K)
 Metaspace       used 87593K, capacity 89630K, committed 89728K, reserved 1126400K
  class space    used 11304K, capacity 12079K, committed 12160K, reserved 1048576K
}
Event: 75.792 GC heap before
{Heap before GC invocations=67 (full 0):
 garbage-first heap   total 143360K, used 111466K [0x0000000080000000, 0x0000000100000000)
  region size 1024K, 6 young (6144K), 2 survivors (2048K)
 Metaspace       used 87593K, capacity 89630K, committed 89728K, reserved 1126400K
  class space    used 11304K, capacity 12079K, committed 12160K, reserved 1048576K
}
Event: 75.802 GC heap after
{Heap after GC invocations=68 (full 0):
 garbage-first heap   total 143360K, used 110308K [0x0000000080000000, 0x0000000100000000)
  region size 1024K, 2 young (2048K), 2 survivors (2048K)
 Metaspace       used 87593K, capacity 89630K, committed 89728K, reserved 1126400K
  class space    used 11304K, capacity 12079K, committed 12160K, reserved 1048576K
}
Event: 77.137 GC heap before
{Heap before GC invocations=69 (full 0):
 garbage-first heap   total 143360K, used 117476K [0x0000000080000000, 0x0000000100000000)
  region size 1024K, 9 young (9216K), 2 survivors (2048K)
 Metaspace       used 89045K, capacity 91088K, committed 91264K, reserved 1128448K
  class space    used 11626K, capacity 12396K, committed 12416K, reserved 1048576K
}
Event: 77.202 GC heap after
{Heap after GC invocations=70 (full 0):
 garbage-first heap   total 197632K, used 112915K [0x0000000080000000, 0x0000000100000000)
  region size 1024K, 2 young (2048K), 2 survivors (2048K)
 Metaspace       used 89045K, capacity 91088K, committed 91264K, reserved 1128448K
  class space    used 11626K, capacity 12396K, committed 12416K, reserved 1048576K
}
Event: 77.639 GC heap before
{Heap before GC invocations=70 (full 0):
 garbage-first heap   total 197632K, used 137491K [0x0000000080000000, 0x0000000100000000)
  region size 1024K, 26 young (26624K), 2 survivors (2048K)
 Metaspace       used 89544K, capacity 91680K, committed 91904K, reserved 1128448K
  class space    used 11659K, capacity 12439K, committed 12544K, reserved 1048576K
}
Event: 77.658 GC heap after
{Heap after GC invocations=71 (full 0):
 garbage-first heap   total 197632K, used 126383K [0x0000000080000000, 0x0000000100000000)
  region size 1024K, 4 young (4096K), 4 survivors (4096K)
 Metaspace       used 89544K, capacity 91680K, committed 91904K, reserved 1128448K
  class space    used 11659K, capacity 12439K, committed 12544K, reserved 1048576K
}
Event: 77.838 GC heap before
{Heap before GC invocations=71 (full 0):
 garbage-first heap   total 197632K, used 145839K [0x0000000080000000, 0x0000000100000000)
  region size 1024K, 23 young (23552K), 4 survivors (4096K)
 Metaspace       used 89560K, capacity 91683K, committed 91904K, reserved 1128448K
  class space    used 11659K, capacity 12439K, committed 12544K, reserved 1048576K
}
Event: 77.863 GC heap after
{Heap after GC invocations=72 (full 0):
 garbage-first heap   total 197632K, used 137823K [0x0000000080000000, 0x0000000100000000)
  region size 1024K, 3 young (3072K), 3 survivors (3072K)
 Metaspace       used 89560K, capacity 91683K, committed 91904K, reserved 1128448K
  class space    used 11659K, capacity 12439K, committed 12544K, reserved 1048576K
}
Event: 78.150 GC heap before
{Heap before GC invocations=73 (full 0):
 garbage-first heap   total 197632K, used 152159K [0x0000000080000000, 0x0000000100000000)
  region size 1024K, 18 young (18432K), 3 survivors (3072K)
 Metaspace       used 89591K, capacity 91683K, committed 91904K, reserved 1128448K
  class space    used 11659K, capacity 12439K, committed 12544K, reserved 1048576K
}
Event: 78.167 GC heap after
{Heap after GC invocations=74 (full 0):
 garbage-first heap   total 197632K, used 147456K [0x0000000080000000, 0x0000000100000000)
  region size 1024K, 3 young (3072K), 3 survivors (3072K)
 Metaspace       used 89591K, capacity 91683K, committed 91904K, reserved 1128448K
  class space    used 11659K, capacity 12439K, committed 12544K, reserved 1048576K
}
Event: 79.188 GC heap before
{Heap before GC invocations=74 (full 0):
 garbage-first heap   total 197632K, used 159744K [0x0000000080000000, 0x0000000100000000)
  region size 1024K, 15 young (15360K), 3 survivors (3072K)
 Metaspace       used 91210K, capacity 93346K, committed 93440K, reserved 1130496K
  class space    used 11879K, capacity 12706K, committed 12800K, reserved 1048576K
}

