# JRE version: OpenJDK Runtime Environment (11.0.8+10) (build 11.0.8+10-b944.6842174)
# Java VM: OpenJDK 64-Bit Server VM (11.0.8+10-b944.6842174, mixed mode, tiered, compressed oops, g1 gc, windows-amd64)
Heap:
 garbage-first heap   total 98304K, used 62361K [0x0000000080000000, 0x0000000100000000)
  region size 1024K, 14 young (14336K), 4 survivors (4096K)
 Metaspace       used 46918K, capacity 48348K, committed 48584K, reserved 1093632K
  class space    used 6030K, capacity 6512K, committed 6528K, reserved 1048576K
GC Heap History (20 events):
Event: 13.483 GC heap before
{Heap before GC invocations=2 (full 0):
 garbage-first heap   total 98304K, used 40910K [0x0000000080000000, 0x0000000100000000)
  region size 1024K, 34 young (34816K), 8 survivors (8192K)
 Metaspace       used 19898K, capacity 20316K, committed 20480K, reserved 1067008K
  class space    used 2419K, capacity 2543K, committed 2560K, reserved 1048576K
}
Event: 13.490 GC heap after
{Heap after GC invocations=3 (full 0):
 garbage-first heap   total 98304K, used 16296K [0x0000000080000000, 0x0000000100000000)
  region size 1024K, 2 young (2048K), 2 survivors (2048K)
 Metaspace       used 19898K, capacity 20316K, committed 20480K, reserved 1067008K
  class space    used 2419K, capacity 2543K, committed 2560K, reserved 1048576K
}
Event: 13.851 GC heap before
{Heap before GC invocations=3 (full 0):
 garbage-first heap   total 98304K, used 19368K [0x0000000080000000, 0x0000000100000000)
  region size 1024K, 6 young (6144K), 2 survivors (2048K)
 Metaspace       used 20617K, capacity 21123K, committed 21296K, reserved 1069056K
  class space    used 2517K, capacity 2688K, committed 2688K, reserved 1048576K
}
Event: 13.856 GC heap after
{Heap after GC invocations=4 (full 0):
 garbage-first heap   total 98304K, used 16429K [0x0000000080000000, 0x0000000100000000)
  region size 1024K, 2 young (2048K), 2 survivors (2048K)
 Metaspace       used 20617K, capacity 21123K, committed 21296K, reserved 1069056K
  class space    used 2517K, capacity 2688K, committed 2688K, reserved 1048576K
}
Event: 17.371 GC heap before
{Heap before GC invocations=5 (full 0):
 garbage-first heap   total 98304K, used 56365K [0x0000000080000000, 0x0000000100000000)
  region size 1024K, 41 young (41984K), 2 survivors (2048K)
 Metaspace       used 25136K, capacity 25776K, committed 26032K, reserved 1071104K
  class space    used 3246K, capacity 3476K, committed 3584K, reserved 1048576K
}
Event: 17.375 GC heap after
{Heap after GC invocations=6 (full 0):
 garbage-first heap   total 98304K, used 18052K [0x0000000080000000, 0x0000000100000000)
  region size 1024K, 3 young (3072K), 3 survivors (3072K)
 Metaspace       used 25136K, capacity 25776K, committed 26032K, reserved 1071104K
  class space    used 3246K, capacity 3476K, committed 3584K, reserved 1048576K
}
Event: 20.790 GC heap before
{Heap before GC invocations=6 (full 0):
 garbage-first heap   total 98304K, used 71300K [0x0000000080000000, 0x0000000100000000)
  region size 1024K, 46 young (47104K), 3 survivors (3072K)
 Metaspace       used 29228K, capacity 29984K, committed 30256K, reserved 1075200K
  class space    used 3889K, capacity 4152K, committed 4224K, reserved 1048576K
}
Event: 20.795 GC heap after
{Heap after GC invocations=7 (full 0):
 garbage-first heap   total 98304K, used 31261K [0x0000000080000000, 0x0000000100000000)
  region size 1024K, 6 young (6144K), 6 survivors (6144K)
 Metaspace       used 29228K, capacity 29984K, committed 30256K, reserved 1075200K
  class space    used 3889K, capacity 4152K, committed 4224K, reserved 1048576K
}
Event: 22.570 GC heap before
{Heap before GC invocations=7 (full 0):
 garbage-first heap   total 98304K, used 51741K [0x0000000080000000, 0x0000000100000000)
  region size 1024K, 28 young (28672K), 6 survivors (6144K)
 Metaspace       used 34820K, capacity 35695K, committed 35708K, reserved 1081344K
  class space    used 4529K, capacity 4864K, committed 4864K, reserved 1048576K
}
Event: 22.582 GC heap after
{Heap after GC invocations=8 (full 0):
 garbage-first heap   total 98304K, used 33829K [0x0000000080000000, 0x0000000100000000)
  region size 1024K, 3 young (3072K), 3 survivors (3072K)
 Metaspace       used 34820K, capacity 35695K, committed 35708K, reserved 1081344K
  class space    used 4529K, capacity 4864K, committed 4864K, reserved 1048576K
}
Event: 25.166 GC heap before
{Heap before GC invocations=9 (full 0):
 garbage-first heap   total 98304K, used 67621K [0x0000000080000000, 0x0000000100000000)
  region size 1024K, 34 young (34816K), 3 survivors (3072K)
 Metaspace       used 38775K, capacity 39724K, committed 40008K, reserved 1083392K
  class space    used 4965K, capacity 5334K, committed 5376K, reserved 1048576K
}
Event: 25.171 GC heap after
{Heap after GC invocations=10 (full 0):
 garbage-first heap   total 98304K, used 35294K [0x0000000080000000, 0x0000000100000000)
  region size 1024K, 4 young (4096K), 4 survivors (4096K)
 Metaspace       used 38775K, capacity 39724K, committed 40008K, reserved 1083392K
  class space    used 4965K, capacity 5334K, committed 5376K, reserved 1048576K
}
Event: 28.491 GC heap before
{Heap before GC invocations=10 (full 0):
 garbage-first heap   total 98304K, used 75230K [0x0000000080000000, 0x0000000100000000)
  region size 1024K, 36 young (36864K), 4 survivors (4096K)
 Metaspace       used 41473K, capacity 42600K, committed 42824K, reserved 1087488K
  class space    used 5240K, capacity 5629K, committed 5632K, reserved 1048576K
}
Event: 28.499 GC heap after
{Heap after GC invocations=11 (full 0):
 garbage-first heap   total 98304K, used 46245K [0x0000000080000000, 0x0000000100000000)
  region size 1024K, 5 young (5120K), 5 survivors (5120K)
 Metaspace       used 41473K, capacity 42600K, committed 42824K, reserved 1087488K
  class space    used 5240K, capacity 5629K, committed 5632K, reserved 1048576K
}
Event: 30.562 GC heap before
{Heap before GC invocations=11 (full 0):
 garbage-first heap   total 98304K, used 73893K [0x0000000080000000, 0x0000000100000000)
  region size 1024K, 32 young (32768K), 5 survivors (5120K)
 Metaspace       used 43331K, capacity 44483K, committed 44616K, reserved 1087488K
  class space    used 5519K, capacity 5885K, committed 5888K, reserved 1048576K
}
Event: 30.571 GC heap after
{Heap after GC invocations=12 (full 0):
 garbage-first heap   total 98304K, used 49384K [0x0000000080000000, 0x0000000100000000)
  region size 1024K, 3 young (3072K), 3 survivors (3072K)
 Metaspace       used 43331K, capacity 44483K, committed 44616K, reserved 1087488K
  class space    used 5519K, capacity 5885K, committed 5888K, reserved 1048576K
}
Event: 32.321 GC heap before
{Heap before GC invocations=12 (full 0):
 garbage-first heap   total 98304K, used 76008K [0x0000000080000000, 0x0000000100000000)
  region size 1024K, 29 young (29696K), 3 survivors (3072K)
 Metaspace       used 44590K, capacity 45931K, committed 46024K, reserved 1089536K
  class space    used 5745K, capacity 6201K, committed 6272K, reserved 1048576K
}
Event: 32.332 GC heap after
{Heap after GC invocations=13 (full 0):
 garbage-first heap   total 98304K, used 51427K [0x0000000080000000, 0x0000000100000000)
  region size 1024K, 3 young (3072K), 3 survivors (3072K)
 Metaspace       used 44590K, capacity 45931K, committed 46024K, reserved 1089536K
  class space    used 5745K, capacity 6201K, committed 6272K, reserved 1048576K
}
Event: 34.154 GC heap before
{Heap before GC invocations=14 (full 0):
 garbage-first heap   total 98304K, used 77027K [0x0000000080000000, 0x0000000100000000)
  region size 1024K, 28 young (28672K), 3 survivors (3072K)
 Metaspace       used 46476K, capacity 47913K, committed 48072K, reserved 1091584K
  class space    used 5980K, capacity 6453K, committed 6528K, reserved 1048576K
}
Event: 34.159 GC heap after
{Heap after GC invocations=15 (full 0):
 garbage-first heap   total 98304K, used 53145K [0x0000000080000000, 0x0000000100000000)
  region size 1024K, 4 young (4096K), 4 survivors (4096K)
 Metaspace       used 46476K, capacity 47913K, committed 48072K, reserved 1091584K
  class space    used 5980K, capacity 6453K, committed 6528K, reserved 1048576K
}

