# JRE version: OpenJDK Runtime Environment (11.0.8+10) (build 11.0.8+10-b944.6842174)
# Java VM: OpenJDK 64-Bit Server VM (11.0.8+10-b944.6842174, mixed mode, tiered, compressed oops, g1 gc, windows-amd64)
Heap:
 garbage-first heap   total 98304K, used 53950K [0x0000000080000000, 0x0000000100000000)
  region size 1024K, 30 young (30720K), 3 survivors (3072K)
 Metaspace       used 27449K, capacity 28247K, committed 28464K, reserved 1073152K
  class space    used 3608K, capacity 3892K, committed 3968K, reserved 1048576K
GC Heap History (8 events):
Event: 4.433 GC heap before
{Heap before GC invocations=0 (full 0):
 garbage-first heap   total 98304K, used 29696K [0x0000000080000000, 0x0000000100000000)
  region size 1024K, 24 young (24576K), 0 survivors (0K)
 Metaspace       used 10722K, capacity 10938K, committed 11264K, reserved 1058816K
  class space    used 1132K, capacity 1202K, committed 1280K, reserved 1048576K
}
Event: 4.491 GC heap after
{Heap after GC invocations=1 (full 0):
 garbage-first heap   total 98304K, used 8593K [0x0000000080000000, 0x0000000100000000)
  region size 1024K, 3 young (3072K), 3 survivors (3072K)
 Metaspace       used 10722K, capacity 10938K, committed 11264K, reserved 1058816K
  class space    used 1132K, capacity 1202K, committed 1280K, reserved 1048576K
}
Event: 9.858 GC heap before
{Heap before GC invocations=1 (full 0):
 garbage-first heap   total 98304K, used 63889K [0x0000000080000000, 0x0000000100000000)
  region size 1024K, 57 young (58368K), 3 survivors (3072K)
 Metaspace       used 16269K, capacity 16616K, committed 16896K, reserved 1064960K
  class space    used 1862K, capacity 1991K, committed 2048K, reserved 1048576K
}
Event: 9.937 GC heap after
{Heap after GC invocations=2 (full 0):
 garbage-first heap   total 98304K, used 14659K [0x0000000080000000, 0x0000000100000000)
  region size 1024K, 8 young (8192K), 8 survivors (8192K)
 Metaspace       used 16269K, capacity 16616K, committed 16896K, reserved 1064960K
  class space    used 1862K, capacity 1991K, committed 2048K, reserved 1048576K
}
Event: 11.335 GC heap before
{Heap before GC invocations=2 (full 0):
 garbage-first heap   total 98304K, used 44355K [0x0000000080000000, 0x0000000100000000)
  region size 1024K, 38 young (38912K), 8 survivors (8192K)
 Metaspace       used 20607K, capacity 21123K, committed 21296K, reserved 1069056K
  class space    used 2519K, capacity 2688K, committed 2688K, reserved 1048576K
}
Event: 11.347 GC heap after
{Heap after GC invocations=3 (full 0):
 garbage-first heap   total 98304K, used 16653K [0x0000000080000000, 0x0000000100000000)
  region size 1024K, 2 young (2048K), 2 survivors (2048K)
 Metaspace       used 20607K, capacity 21123K, committed 21296K, reserved 1069056K
  class space    used 2519K, capacity 2688K, committed 2688K, reserved 1048576K
}
Event: 13.606 GC heap before
{Heap before GC invocations=4 (full 0):
 garbage-first heap   total 98304K, used 55565K [0x0000000080000000, 0x0000000100000000)
  region size 1024K, 40 young (40960K), 2 survivors (2048K)
 Metaspace       used 25032K, capacity 25630K, committed 25776K, reserved 1071104K
  class space    used 3227K, capacity 3471K, committed 3584K, reserved 1048576K
}
Event: 13.610 GC heap after
{Heap after GC invocations=5 (full 0):
 garbage-first heap   total 98304K, used 18110K [0x0000000080000000, 0x0000000100000000)
  region size 1024K, 3 young (3072K), 3 survivors (3072K)
 Metaspace       used 25032K, capacity 25630K, committed 25776K, reserved 1071104K
  class space    used 3227K, capacity 3471K, committed 3584K, reserved 1048576K
}

